<?xml version="1.0" encoding="UTF-8"?>
<!-- Generated by org.testng.reporters.JUnitReportReporter -->
<testsuite hostname="LIN80020702" failures="0" tests="1" name="Day_3.CookiesDemo" time="5.328" errors="0" timestamp="2024-06-25T10:47:20 IST" skipped="0">
  <testcase classname="Day_3.CookiesDemo" name="GetCookiesInfo" time="5.328"/>
  <system-out/>
</testsuite> <!-- Day_3.CookiesDemo -->
