<?xml version="1.0" encoding="UTF-8"?>
<!-- Generated by org.testng.reporters.JUnitReportReporter -->
<testsuite hostname="LIN80020702" failures="0" tests="1" name="Day_5.ParsingXMLResponse" time="6.213" errors="0" timestamp="2024-06-27T15:58:04 IST" skipped="0">
  <testcase classname="Day_5.ParsingXMLResponse" name="testXMLResponse" time="6.213"/>
  <system-out/>
</testsuite> <!-- Day_5.ParsingXMLResponse -->
