<?xml version="1.0" encoding="UTF-8"?>
<!-- Generated by org.testng.reporters.JUnitReportReporter -->
<testsuite hostname="LIN80020702" failures="0" tests="1" name="Day_2.Different_ways_to_Create_POST_Request_Body" time="4.141" errors="0" timestamp="2024-06-25T00:44:59 IST" skipped="0">
  <testcase classname="Day_2.Different_ways_to_Create_POST_Request_Body" name="TestDeleteUser" time="4.141"/>
  <system-out/>
</testsuite> <!-- Day_2.Different_ways_to_Create_POST_Request_Body -->
