<?xml version="1.0" encoding="UTF-8"?>
<!-- Generated by org.testng.reporters.JUnitReportReporter -->
<testsuite hostname="LIN80020702" failures="0" tests="1" name="Day_3.HeadersDemo" time="5.992" errors="0" timestamp="2024-06-25T11:32:09 IST" skipped="0">
  <testcase classname="Day_3.HeadersDemo" name="getHeaders" time="5.992"/>
  <system-out/>
</testsuite> <!-- Day_3.HeadersDemo -->
