<?xml version="1.0" encoding="UTF-8"?>
<!-- Generated by org.testng.reporters.JUnitReportReporter -->
<testsuite hostname="LIN80020702" failures="0" tests="4" name="Day_1.HTTPRequests" time="11.134" errors="0" timestamp="2024-06-24T11:44:17 IST" skipped="0">
  <testcase classname="Day_1.HTTPRequests" name="getUser" time="7.947"/>
  <system-out/>
  <testcase classname="Day_1.HTTPRequests" name="createUser" time="1.900"/>
  <system-out/>
  <testcase classname="Day_1.HTTPRequests" name="UpdateUser" time="0.661"/>
  <system-out/>
  <testcase classname="Day_1.HTTPRequests" name="DeleteUser" time="0.626"/>
  <system-out/>
</testsuite> <!-- Day_1.HTTPRequests -->
