<?xml version="1.0" encoding="UTF-8"?>
<!-- Generated by org.testng.reporters.JUnitReportReporter -->
<testsuite hostname="LIN80020702" failures="0" tests="1" name="Day_4.ParsingJsonResponseData" time="4.801" errors="0" timestamp="2024-06-25T13:00:28 IST" skipped="0">
  <testcase classname="Day_4.ParsingJsonResponseData" name="testJSONResponseBodyData" time="4.801"/>
  <system-out/>
</testsuite> <!-- Day_4.ParsingJsonResponseData -->
