<?xml version="1.0" encoding="UTF-8"?>
<!-- Generated by org.testng.reporters.JUnitReportReporter -->
<testsuite hostname="LIN80020702" failures="0" tests="2" name="Day_6.post_jsonplaceholder" time="6.048" errors="0" timestamp="2024-07-02T16:15:51 IST" skipped="0">
  <testcase classname="Day_6.post_jsonplaceholder" name="createUser" time="5.083"/>
  <system-out/>
  <testcase classname="Day_6.post_jsonplaceholder" name="updateUser" time="0.965"/>
  <system-out/>
</testsuite> <!-- Day_6.post_jsonplaceholder -->
