<?xml version="1.0" encoding="UTF-8"?>
<!-- Generated by org.testng.reporters.JUnitReportReporter -->
<testsuite hostname="LIN80020702" failures="0" tests="1" name="Day_3.PathAndQueryParameters" time="8.080" errors="0" timestamp="2024-06-25T00:59:03 IST" skipped="0">
  <testcase classname="Day_3.PathAndQueryParameters" name="testQueryAndParameters" time="8.080"/>
  <system-out/>
</testsuite> <!-- Day_3.PathAndQueryParameters -->
