<?xml version="1.0" encoding="UTF-8"?>
<!-- Generated by org.testng.reporters.JUnitReportReporter -->
<testsuite hostname="LIN80020702" failures="0" tests="3" name="Day_6_Auth.Authentication" time="14.460" errors="0" timestamp="2024-07-02T17:30:56 IST" skipped="0">
  <testcase classname="Day_6_Auth.Authentication" name="testBasicAuthentication" time="10.014"/>
  <system-out/>
  <testcase classname="Day_6_Auth.Authentication" name="testdigestAuthentication" time="3.156"/>
  <system-out/>
  <testcase classname="Day_6_Auth.Authentication" name="testpreemptiveAuthentication" time="1.290"/>
  <system-out/>
</testsuite> <!-- Day_6_Auth.Authentication -->
